gradle.bat : Picked up JAVA_TOOL_OPTIONS: --a
dd-exports=jdk.compiler/com.sun.tools.javac.a
pi=ALL-UNNAMED --add-exports=jdk.compiler/com
.sun.tools.javac.file=ALL-UNNAMED --add-expor
ts=jdk.compiler/com.sun.tools.javac.main=ALL-
UNNAMED --add-exports=jdk.compiler/com.sun.to
ols.javac.model=ALL-UNNAMED --add-exports=jdk
.compiler/com.sun.tools.javac.parser=ALL-UNNA
MED --add-exports=jdk.compiler/com.sun.tools.
javac.processing=ALL-UNNAMED --add-exports=jd
k.compiler/com.sun.tools.javac.tree=ALL-UNNAM
ED --add-exports=jdk.compiler/com.sun.tools.j
avac.util=ALL-UNNAMED --add-opens=jdk.compile
r/com.sun.tools.javac.api=ALL-UNNAMED --add-o
pens=jdk.compiler/com.sun.tools.javac.file=AL
L-UNNAMED --add-opens=jdk.compiler/com.sun.to
ols.javac.main=ALL-UNNAMED --add-opens=jdk.co
mpiler/com.sun.tools.javac.model=ALL-UNNAMED 
--add-opens=jdk.compiler/com.sun.tools.javac.
parser=ALL-UNNAMED --add-opens=jdk.compiler/c
om.sun.tools.javac.processing=ALL-UNNAMED --a
dd-opens=jdk.compiler/com.sun.tools.javac.tre
e=ALL-UNNAMED --add-opens=jdk.compiler/com.su
n.tools.javac.util=ALL-UNNAMED 
--add-opens=java.base/java.util=ALL-UNNAMED 
--add-opens=java.base/java.lang=ALL-UNNAMED -
-add-opens=java.base/java.lang.reflect=ALL-UN
NAMED --add-opens=java.base/java.util.concurr
ent=ALL-UNNAMED 
--add-opens=java.base/java.io=ALL-UNNAMED 
--add-opens=java.base/sun.nio.ch=ALL-UNNAMED 
--add-opens=java.management/sun.management=AL
L-UNNAMED --add-opens=jdk.management/com.sun.
management.internal=ALL-UNNAMED
At line:1 char:1756
+ ... e -First 1; & $gradlePath 
:app:assembleDebug > build_output_final_3.t 
...
+                 ~~~~~~~~~~~~~~~~~~~~~~~~~~~
~~~~~~~~~~~~~~~~~~~~~~~~~~~~~~
    + CategoryInfo          : NotSpecified:  
   (Picked up JAVA_...nal=ALL-UNNAMED:Strin  
  g) [], RemoteException
    + FullyQualifiedErrorId : NativeCommandE 
   rror
 
> Task :app:preBuild UP-TO-DATE
> Task :app:preDebugBuild UP-TO-DATE
> Task :app:mergeDebugNativeDebugMetadata NO-SOURCE
> Task :app:checkDebugAarMetadata UP-TO-DATE
> Task :app:generateDebugResValues UP-TO-DATE
> Task :app:mapDebugSourceSetPaths UP-TO-DATE
> Task :app:generateDebugResources UP-TO-DATE
> Task :app:mergeDebugResources UP-TO-DATE
> Task :app:packageDebugResources UP-TO-DATE
> Task :app:parseDebugLocalResources UP-TO-DATE
> Task :app:createDebugCompatibleScreenManifests UP-TO-DATE
> Task :app:extractDeepLinksDebug UP-TO-DATE
> Task :app:processDebugMainManifest UP-TO-DATE
> Task :app:processDebugManifest UP-TO-DATE
> Task :app:processDebugManifestForPackage UP-TO-DATE
> Task :app:processDebugResources UP-TO-DATE
> Task :app:javaPreCompileDebug UP-TO-DATE
> Task :app:mergeDebugShaders UP-TO-DATE
> Task :app:compileDebugShaders NO-SOURCE
> Task :app:generateDebugAssets UP-TO-DATE
> Task :app:mergeDebugAssets UP-TO-DATE
> Task :app:compressDebugAssets UP-TO-DATE
> Task :app:checkDebugDuplicateClasses UP-TO-DATE
> Task :app:desugarDebugFileDependencies UP-TO-DATE
> Task :app:mergeExtDexDebug UP-TO-DATE
> Task :app:mergeLibDexDebug UP-TO-DATE
> Task :app:mergeDebugJniLibFolders UP-TO-DATE
> Task :app:mergeDebugNativeLibs UP-TO-DATE
> Task :app:stripDebugDebugSymbols UP-TO-DATE
> Task :app:validateSigningDebug UP-TO-DATE
> Task :app:writeDebugAppMetadata UP-TO-DATE
> Task :app:writeDebugSigningConfigVersions UP-TO-DATE
> Task :app:kaptGenerateStubsDebugKotlin
> Task :app:kaptDebugKotlin

> Task :app:compileDebugKotlin FAILED
e: file:///C:/Users/veera/Desktop/Codes%20for
%20fun/Aws/app/src/main/java/com/shieldcore/a
pp/implementation/UIOverlayManagerImpl.kt:23:
27 Unresolved reference: 
ViewTreeLifecycleOwner
e: file:///C:/Users/veera/Desktop/Codes%20for
%20fun/Aws/app/src/main/java/com/shieldcore/a
pp/implementation/UIOverlayManagerImpl.kt:24:
27 Unresolved reference: 
ViewTreeViewModelStoreOwner
e: file:///C:/Users/veera/Desktop/Codes%20for
%20fun/Aws/app/src/main/java/com/shieldcore/a
pp/implementation/UIOverlayManagerImpl.kt:28:
28 Unresolved reference: 
ViewTreeSavedStateRegistryOwner
e: file:///C:/Users/veera/Desktop/Codes%20for
%20fun/Aws/app/src/main/java/com/shieldcore/a
pp/implementation/UIOverlayManagerImpl.kt:75:
9 Unresolved reference: 
ViewTreeLifecycleOwner
e: file:///C:/Users/veera/Desktop/Codes%20for
%20fun/Aws/app/src/main/java/com/shieldcore/a
pp/implementation/UIOverlayManagerImpl.kt:76:
9 Unresolved reference: 
ViewTreeViewModelStoreOwner
e: file:///C:/Users/veera/Desktop/Codes%20for
%20fun/Aws/app/src/main/java/com/shieldcore/a
pp/implementation/UIOverlayManagerImpl.kt:77:
9 Unresolved reference: 
ViewTreeSavedStateRegistryOwner

FAILURE: Build failed with an exception.

* What went wrong:
Execution failed for task 
':app:compileDebugKotlin'.
> A failure occurred while executing org.jetb
rains.kotlin.compilerRunner.GradleCompilerRun
nerWithWorkers$GradleKotlinCompilerWorkAction
   > Compilation error. See log for more 
details

* Try:
> Run with --stacktrace option to get the 
stack trace.
> Run with --info or --debug option to get 
more log output.
> Run with --scan to get full insights.
> Get more help at https://help.gradle.org.

BUILD FAILED in 8s
29 actionable tasks: 3 executed, 26 up-to-date
