gradle.bat : Picked up JAVA_TOOL_OPTIONS: --a
dd-exports=jdk.compiler/com.sun.tools.javac.a
pi=ALL-UNNAMED --add-exports=jdk.compiler/com
.sun.tools.javac.file=ALL-UNNAMED --add-expor
ts=jdk.compiler/com.sun.tools.javac.main=ALL-
UNNAMED --add-exports=jdk.compiler/com.sun.to
ols.javac.model=ALL-UNNAMED --add-exports=jdk
.compiler/com.sun.tools.javac.parser=ALL-UNNA
MED --add-exports=jdk.compiler/com.sun.tools.
javac.processing=ALL-UNNAMED --add-exports=jd
k.compiler/com.sun.tools.javac.tree=ALL-UNNAM
ED --add-exports=jdk.compiler/com.sun.tools.j
avac.util=ALL-UNNAMED --add-opens=jdk.compile
r/com.sun.tools.javac.api=ALL-UNNAMED --add-o
pens=jdk.compiler/com.sun.tools.javac.file=AL
L-UNNAMED --add-opens=jdk.compiler/com.sun.to
ols.javac.main=ALL-UNNAMED --add-opens=jdk.co
mpiler/com.sun.tools.javac.model=ALL-UNNAMED 
--add-opens=jdk.compiler/com.sun.tools.javac.
parser=ALL-UNNAMED --add-opens=jdk.compiler/c
om.sun.tools.javac.processing=ALL-UNNAMED --a
dd-opens=jdk.compiler/com.sun.tools.javac.tre
e=ALL-UNNAMED --add-opens=jdk.compiler/com.su
n.tools.javac.util=ALL-UNNAMED 
--add-opens=java.base/java.util=ALL-UNNAMED 
--add-opens=java.base/java.lang=ALL-UNNAMED -
-add-opens=java.base/java.lang.reflect=ALL-UN
NAMED --add-opens=java.base/java.util.concurr
ent=ALL-UNNAMED 
--add-opens=java.base/java.io=ALL-UNNAMED 
--add-opens=java.base/sun.nio.ch=ALL-UNNAMED 
--add-opens=java.management/sun.management=AL
L-UNNAMED --add-opens=jdk.management/com.sun.
management.internal=ALL-UNNAMED
At line:1 char:1777
+ ... Path clean; & $gradlePath 
:app:assembleDebug > build_output_final.txt 
...
+                 ~~~~~~~~~~~~~~~~~~~~~~~~~~~
~~~~~~~~~~~~~~~~~~~~~~~~~~~~~~
    + CategoryInfo          : NotSpecified:  
   (Picked up JAVA_...nal=ALL-UNNAMED:Strin  
  g) [], RemoteException
    + FullyQualifiedErrorId : NativeCommandE 
   rror
 
> Task :app:preBuild UP-TO-DATE
> Task :app:preDebugBuild UP-TO-DATE
> Task :app:mergeDebugNativeDebugMetadata NO-SOURCE
> Task :app:generateDebugResValues
> Task :app:checkDebugAarMetadata
> Task :app:mapDebugSourceSetPaths
> Task :app:generateDebugResources
> Task :app:packageDebugResources
> Task :app:createDebugCompatibleScreenManifests
> Task :app:extractDeepLinksDebug
> Task :app:mergeDebugResources
> Task :app:parseDebugLocalResources

> Task :app:processDebugMainManifest
[org.tensorflow:tensorflow-lite:2.14.0] C:\Users\veera\.gradle\caches\transforms-3\e7ac93100871eb446c9bb7bb0539e1cd\transformed\tensorflow-lite-2.14.0\AndroidManifest.xml Warning:
	Namespace 'org.tensorflow.lite' is used in multiple modules and/or libraries: org.tensorflow:tensorflow-lite:2.14.0, org.tensorflow:tensorflow-lite-gpu:2.14.0, org.tensorflow:tensorflow-lite-api:2.14.0. Please ensure that all modules and libraries have a unique namespace. For more information, See https://developer.android.com/studio/build/configure-app-module#set-namespace
[org.tensorflow:tensorflow-lite-support:0.4.4] C:\Users\veera\.gradle\caches\transforms-3\f1e328c7bd8b1b6d8fc62a9666369d74\transformed\tensorflow-lite-support-0.4.4\AndroidManifest.xml Warning:
	Namespace 'org.tensorflow.lite.support' is used in multiple modules and/or libraries: org.tensorflow:tensorflow-lite-support:0.4.4, org.tensorflow:tensorflow-lite-support-api:0.4.4. Please ensure that all modules and libraries have a unique namespace. For more information, See https://developer.android.com/studio/build/configure-app-module#set-namespace

> Task :app:processDebugManifest
> Task :app:javaPreCompileDebug
> Task :app:mergeDebugShaders
> Task :app:compileDebugShaders NO-SOURCE
> Task :app:generateDebugAssets UP-TO-DATE
> Task :app:mergeDebugAssets
> Task :app:compressDebugAssets
> Task :app:desugarDebugFileDependencies
> Task :app:mergeDebugJniLibFolders
> Task :app:checkDebugDuplicateClasses
> Task :app:validateSigningDebug
> Task :app:processDebugManifestForPackage
> Task :app:mergeDebugNativeLibs
> Task :app:mergeLibDexDebug
> Task :app:writeDebugAppMetadata
> Task :app:writeDebugSigningConfigVersions

> Task :app:stripDebugDebugSymbols
Unable to strip the following libraries, packaging them as they are: libface_detector_v2_jni.so, libimage_processing_util_jni.so, libtensorflowlite_gpu_jni.so, libtensorflowlite_jni.so.

> Task :app:processDebugResources
> Task :app:mergeExtDexDebug
> Task :app:kaptGenerateStubsDebugKotlin
> Task :app:kaptDebugKotlin

> Task :app:compileDebugKotlin FAILED
e: file:///C:/Users/veera/Desktop/Codes%20for
%20fun/Aws/app/src/main/java/com/shieldcore/a
pp/implementation/UIOverlayManagerImpl.kt:68:
9 Unresolved reference: 
ViewTreeLifecycleOwner
e: file:///C:/Users/veera/Desktop/Codes%20for
%20fun/Aws/app/src/main/java/com/shieldcore/a
pp/implementation/UIOverlayManagerImpl.kt:69:
9 Unresolved reference: 
ViewTreeViewModelStoreOwner
e: file:///C:/Users/veera/Desktop/Codes%20for
%20fun/Aws/app/src/main/java/com/shieldcore/a
pp/implementation/UIOverlayManagerImpl.kt:70:
9 Unresolved reference: 
ViewTreeSavedStateRegistryOwner

FAILURE: Build failed with an exception.

* What went wrong:
Execution failed for task 
':app:compileDebugKotlin'.
> A failure occurred while executing org.jetb
rains.kotlin.compilerRunner.GradleCompilerRun
nerWithWorkers$GradleKotlinCompilerWorkAction
   > Compilation error. See log for more 
details

* Try:
> Run with --stacktrace option to get the 
stack trace.
> Run with --info or --debug option to get 
more log output.
> Run with --scan to get full insights.
> Get more help at https://help.gradle.org.

BUILD FAILED in 3m 59s
29 actionable tasks: 29 executed
